<?xml version="1.0" encoding="UTF-8" ?>
<testsuites>
 <testsuite name="Original_script" package="nop_commerce.suite" timestamp="2024-03-18 11:54:56.977 -0400"
 tests="1"  failures="1" errors="1" time="39.648000">
  <properties>
   <property name="RunDate" value="2024-03-18 11:54:56.977 -0400"/>
   <property name="Status" value="Failure"/>
  </properties>
  <testcase name="Original.script" assertions="1" status="error"  time="39.641">
    <failure type="FAILURE" message="Image Not Found: click Error - No Image Found On Screen: &quot;RAM_Select&quot; -- Execution Time 0:00:39 Original.script" />
    <error type="Exception" message="No Image Found On Screen: &quot;RAM_Select&quot;" />
  </testcase>
 </testsuite>
</testsuites>
