<?xml version="1.0" encoding="UTF-8" ?>
<testsuites>
 <testsuite name="Add_to_cart_script" package="nop_commerce.suite" timestamp="2023-12-08 09:44:30.010 -0500"
 tests="1"  failures="1" errors="1" time="9.500000">
  <properties>
   <property name="RunDate" value="2023-12-08 09:44:30.010 -0500"/>
   <property name="Status" value="Failure"/>
  </properties>
  <testcase name="Add_to_cart.script" assertions="1" status="error"  time="9.493">
    <failure type="FAILURE" message="Error Running Script Command: click Error - Image Property List did not contain &quot;ImageName&quot; property -- Execution Time 0:00:09 Add_to_cart.script" />
    <error type="Exception" message="Image Property List did not contain &quot;ImageName&quot; property" />
  </testcase>
 </testsuite>
</testsuites>
