<?xml version="1.0" encoding="UTF-8" ?>
<testsuites>
 <testsuite name="Add_to_cart_script" package="nop_commerce.suite" timestamp="2023-12-08 09:37:37.561 -0500"
 tests="1"  failures="1" errors="1" time="8.373000">
  <properties>
   <property name="RunDate" value="2023-12-08 09:37:37.561 -0500"/>
   <property name="Status" value="Failure"/>
  </properties>
  <testcase name="Add_to_cart.script" assertions="1" status="error"  time="8.368">
    <failure type="FAILURE" message="File Not Found: click Error - Could Not Open Image: 2 GB -- Execution Time 0:00:08 Add_to_cart.script" />
    <error type="Exception" message="Could Not Open Image: 2 GB" />
  </testcase>
 </testsuite>
</testsuites>
